INFO:2019-03-10 12:59:56,742:Started
INFO:2019-04-03 18:37:24,124:Started
INFO:2019-04-03 18:37:49,352:Identified key as Eb, notes are Eb F G Ab Bb C D Eb
INFO:2019-04-09 17:14:44,172:Started
INFO:2019-04-09 17:14:47,830:Identified key as A, notes are A B C# D E F# G# A
INFO:2019-04-09 17:14:52,612:Identified key as E, notes are E F# G# A B C# D# E
INFO:2019-04-09 17:15:44,892:Started
INFO:2019-04-09 17:15:47,229:Identified key as A, notes are A B C# D E F# G# A
INFO:2019-06-03 18:19:42,673:Started
INFO:2019-06-03 18:19:49,186:Identified key as B, notes are B Db Eb E Gb Ab Bb
INFO:2019-06-13 07:12:19,402:Started
INFO:2019-06-13 07:12:26,062:Identified key as B, notes are B Db Eb E Gb Ab Bb
INFO:2019-07-31 16:52:38,056:Started
INFO:2019-08-16 08:59:52,189:Started
INFO:2019-08-16 08:59:57,479:Identified key as F, notes are F G A Bb C D E F
INFO:2019-11-24 21:15:48,578:Started
INFO:2019-11-24 21:15:52,823:Identified key as Bb, notes are Bb C D Eb F G A Bb
INFO:2020-01-30 09:56:40,880:Started
INFO:2020-01-30 09:57:06,172:Identified key as D, notes are D E F# G A B C# D
INFO:2020-01-30 10:21:01,042:Started
ERROR:2020-01-30 10:21:25,405:ValueError : invalid literal for int() with base 10: '|KQY'
INFO:2020-01-30 10:32:22,568:Started
INFO:2020-01-30 10:33:30,598:Started
INFO:2020-01-30 10:34:06,212:Started
INFO:2020-01-30 10:35:37,462:Started
INFO:2020-01-30 10:36:00,879:Started
